{"/Volumes/lullz/Учеба Фронтенд/frontend-project-46/src/index.js": {"path":"/Volumes/lullz/Учеба Фронтенд/frontend-project-46/src/index.js","statementMap":{"0":{"start":{"line":6,"column":16},"end":{"line":45,"column":1}},"1":{"start":{"line":7,"column":16},"end":{"line":7,"column":63}},"2":{"start":{"line":8,"column":16},"end":{"line":8,"column":63}},"3":{"start":{"line":9,"column":16},"end":{"line":9,"column":33}},"4":{"start":{"line":10,"column":16},"end":{"line":10,"column":33}},"5":{"start":{"line":12,"column":24},"end":{"line":32,"column":3}},"6":{"start":{"line":13,"column":17},"end":{"line":13,"column":69}},"7":{"start":{"line":14,"column":19},"end":{"line":29,"column":10}},"8":{"start":{"line":15,"column":6},"end":{"line":26,"column":7}},"9":{"start":{"line":16,"column":8},"end":{"line":21,"column":9}},"10":{"start":{"line":17,"column":10},"end":{"line":17,"column":67}},"11":{"start":{"line":19,"column":10},"end":{"line":19,"column":65}},"12":{"start":{"line":20,"column":10},"end":{"line":20,"column":63}},"13":{"start":{"line":22,"column":13},"end":{"line":26,"column":7}},"14":{"start":{"line":23,"column":8},"end":{"line":23,"column":63}},"15":{"start":{"line":25,"column":8},"end":{"line":25,"column":61}},"16":{"start":{"line":28,"column":6},"end":{"line":28,"column":17}},"17":{"start":{"line":31,"column":4},"end":{"line":31,"column":18}},"18":{"start":{"line":34,"column":19},"end":{"line":42,"column":3}},"19":{"start":{"line":35,"column":21},"end":{"line":35,"column":65}},"20":{"start":{"line":36,"column":14},"end":{"line":39,"column":6}},"21":{"start":{"line":37,"column":24},"end":{"line":37,"column":85}},"22":{"start":{"line":38,"column":6},"end":{"line":38,"column":23}},"23":{"start":{"line":41,"column":4},"end":{"line":41,"column":35}},"24":{"start":{"line":44,"column":2},"end":{"line":44,"column":47}}},"fnMap":{"0":{"name":"(anonymous_0)","decl":{"start":{"line":6,"column":16},"end":{"line":6,"column":17}},"loc":{"start":{"line":6,"column":42},"end":{"line":45,"column":1}},"line":6},"1":{"name":"(anonymous_1)","decl":{"start":{"line":12,"column":24},"end":{"line":12,"column":25}},"loc":{"start":{"line":12,"column":40},"end":{"line":32,"column":3}},"line":12},"2":{"name":"(anonymous_2)","decl":{"start":{"line":14,"column":31},"end":{"line":14,"column":32}},"loc":{"start":{"line":14,"column":45},"end":{"line":29,"column":5}},"line":14},"3":{"name":"(anonymous_3)","decl":{"start":{"line":34,"column":19},"end":{"line":34,"column":20}},"loc":{"start":{"line":34,"column":40},"end":{"line":42,"column":3}},"line":34},"4":{"name":"(anonymous_4)","decl":{"start":{"line":36,"column":34},"end":{"line":36,"column":35}},"loc":{"start":{"line":36,"column":46},"end":{"line":39,"column":5}},"line":36}},"branchMap":{"0":{"loc":{"start":{"line":15,"column":6},"end":{"line":26,"column":7}},"type":"if","locations":[{"start":{"line":15,"column":6},"end":{"line":26,"column":7}},{"start":{"line":22,"column":13},"end":{"line":26,"column":7}}],"line":15},"1":{"loc":{"start":{"line":15,"column":10},"end":{"line":15,"column":62}},"type":"binary-expr","locations":[{"start":{"line":15,"column":10},"end":{"line":15,"column":34}},{"start":{"line":15,"column":38},"end":{"line":15,"column":62}}],"line":15},"2":{"loc":{"start":{"line":16,"column":8},"end":{"line":21,"column":9}},"type":"if","locations":[{"start":{"line":16,"column":8},"end":{"line":21,"column":9}},{"start":{"line":18,"column":15},"end":{"line":21,"column":9}}],"line":16},"3":{"loc":{"start":{"line":22,"column":13},"end":{"line":26,"column":7}},"type":"if","locations":[{"start":{"line":22,"column":13},"end":{"line":26,"column":7}},{"start":{"line":24,"column":13},"end":{"line":26,"column":7}}],"line":22}},"s":{"0":1,"1":1,"2":1,"3":1,"4":1,"5":1,"6":1,"7":1,"8":5,"9":2,"10":1,"11":1,"12":1,"13":3,"14":2,"15":1,"16":5,"17":1,"18":1,"19":1,"20":1,"21":6,"22":6,"23":1,"24":1},"f":{"0":1,"1":1,"2":5,"3":1,"4":6},"b":{"0":[2,3],"1":[5,4],"2":[1,1],"3":[2,1]},"_coverageSchema":"1a1c01bbd47fc00a2c39e90264f33305004495a9","hash":"df40a160d97f977af3424b5f70b4decdb4b767ed"}
}
