TN:
SF:src/index.js
FN:6,(anonymous_0)
FN:12,(anonymous_1)
FN:14,(anonymous_2)
FN:34,(anonymous_3)
FN:36,(anonymous_4)
FNF:5
FNH:5
FNDA:1,(anonymous_0)
FNDA:1,(anonymous_1)
FNDA:5,(anonymous_2)
FNDA:1,(anonymous_3)
FNDA:6,(anonymous_4)
DA:6,1
DA:7,1
DA:8,1
DA:9,1
DA:10,1
DA:12,1
DA:13,1
DA:14,1
DA:15,5
DA:16,2
DA:17,1
DA:19,1
DA:20,1
DA:22,3
DA:23,2
DA:25,1
DA:28,5
DA:31,1
DA:34,1
DA:35,1
DA:36,1
DA:37,6
DA:38,6
DA:41,1
DA:44,1
LF:25
LH:25
BRDA:15,0,0,2
BRDA:15,0,1,3
BRDA:15,1,0,5
BRDA:15,1,1,4
BRDA:16,2,0,1
BRDA:16,2,1,1
BRDA:22,3,0,2
BRDA:22,3,1,1
BRF:8
BRH:8
end_of_record
